<?xml version="1.0" encoding="UTF-8"?>
<testng-results ignored="0" total="1" passed="1" failed="0" skipped="0">
  <reporter-output>
  </reporter-output>
  <suite started-at="2024-07-17T20:59:59 IST" name="Default suite" finished-at="2024-07-17T21:00:33 IST" duration-ms="34467">
    <groups>
      <group name="smokeTest">
        <method signature="CreateCampaignsTest.CreateCampaignsTest()[pri:0, instance:Campaigns.CreateCampaignsTest@7b36aa0c]" name="CreateCampaignsTest" class="Campaigns.CreateCampaignsTest"/>
      </group> <!-- smokeTest -->
    </groups>
    <test started-at="2024-07-17T20:59:59 IST" name="Default test" finished-at="2024-07-17T21:00:33 IST" duration-ms="34467">
      <class name="Campaigns.CreateCampaignsTest">
        <test-method is-config="true" signature="BS()[pri:0, instance:Campaigns.CreateCampaignsTest@7b36aa0c]" started-at="2024-07-17T20:59:59 IST" name="BS" finished-at="2024-07-17T20:59:59 IST" duration-ms="32" status="PASS">
          <reporter-output>
          </reporter-output>
        </test-method> <!-- BS -->
        <test-method is-config="true" signature="BT()[pri:0, instance:Campaigns.CreateCampaignsTest@7b36aa0c]" started-at="2024-07-17T20:59:59 IST" name="BT" finished-at="2024-07-17T20:59:59 IST" duration-ms="1" status="PASS">
          <reporter-output>
          </reporter-output>
        </test-method> <!-- BT -->
        <test-method is-config="true" signature="BC()[pri:0, instance:Campaigns.CreateCampaignsTest@7b36aa0c]" started-at="2024-07-17T20:59:59 IST" name="BC" finished-at="2024-07-17T21:00:03 IST" duration-ms="3871" status="PASS">
          <reporter-output>
          </reporter-output>
        </test-method> <!-- BC -->
        <test-method is-config="true" signature="BM()[pri:0, instance:Campaigns.CreateCampaignsTest@7b36aa0c]" started-at="2024-07-17T21:00:03 IST" name="BM" finished-at="2024-07-17T21:00:10 IST" duration-ms="7044" status="PASS">
          <reporter-output>
          </reporter-output>
        </test-method> <!-- BM -->
        <test-method signature="CreateCampaignsTest()[pri:0, instance:Campaigns.CreateCampaignsTest@7b36aa0c]" started-at="2024-07-17T21:00:10 IST" name="CreateCampaignsTest" finished-at="2024-07-17T21:00:31 IST" duration-ms="21016" status="PASS">
          <reporter-output>
          </reporter-output>
        </test-method> <!-- CreateCampaignsTest -->
        <test-method is-config="true" signature="AM()[pri:0, instance:Campaigns.CreateCampaignsTest@7b36aa0c]" started-at="2024-07-17T21:00:31 IST" name="AM" finished-at="2024-07-17T21:00:33 IST" duration-ms="2121" status="PASS">
          <reporter-output>
          </reporter-output>
        </test-method> <!-- AM -->
        <test-method is-config="true" signature="AC()[pri:0, instance:Campaigns.CreateCampaignsTest@7b36aa0c]" started-at="2024-07-17T21:00:33 IST" name="AC" finished-at="2024-07-17T21:00:33 IST" duration-ms="346" status="PASS">
          <reporter-output>
          </reporter-output>
        </test-method> <!-- AC -->
        <test-method is-config="true" signature="AT()[pri:0, instance:Campaigns.CreateCampaignsTest@7b36aa0c]" started-at="2024-07-17T21:00:33 IST" name="AT" finished-at="2024-07-17T21:00:33 IST" duration-ms="1" status="PASS">
          <reporter-output>
          </reporter-output>
        </test-method> <!-- AT -->
        <test-method is-config="true" signature="AS()[pri:0, instance:Campaigns.CreateCampaignsTest@7b36aa0c]" started-at="2024-07-17T21:00:33 IST" name="AS" finished-at="2024-07-17T21:00:34 IST" duration-ms="460" status="PASS">
          <reporter-output>
          </reporter-output>
        </test-method> <!-- AS -->
      </class> <!-- Campaigns.CreateCampaignsTest -->
    </test> <!-- Default test -->
  </suite> <!-- Default suite -->
</testng-results>
